TN:
SF:/home/travis/build/proustibat/fbrgsmn.mobile.app/src/app/app.component.ts
FN:16,(anonymous_2)
FN:30,FbrgSmnApp
FN:35,(anonymous_4)
FN:51,(anonymous_5)
FN:58,(anonymous_6)
FN:72,(anonymous_7)
FNF:6
FNH:4
FNDA:1,(anonymous_2)
FNDA:4,FbrgSmnApp
FNDA:4,(anonymous_4)
FNDA:3,(anonymous_5)
FNDA:0,(anonymous_6)
FNDA:0,(anonymous_7)
DA:16,1
DA:18,1
DA:19,4
DA:30,4
DA:31,4
DA:32,4
DA:33,4
DA:34,4
DA:35,4
DA:36,4
DA:39,3
DA:40,3
DA:44,4
DA:46,4
DA:48,4
DA:50,3
DA:52,3
DA:54,3
DA:55,3
DA:56,3
DA:58,0
DA:63,4
DA:72,1
DA:77,0
DA:79,1
LF:25
LH:23
BRDA:36,0,0,3
BRDA:36,0,1,1
BRDA:48,1,0,3
BRDA:48,1,1,1
BRF:4
BRH:4
end_of_record
TN:
SF:/home/travis/build/proustibat/fbrgsmn.mobile.app/src/app/app.module.ts
FN:40,HttpLoaderFactory
FN:77,(anonymous_2)
FNF:2
FNH:2
FNDA:44,HttpLoaderFactory
FNDA:1,(anonymous_2)
DA:26,1
DA:41,44
DA:77,1
LF:3
LH:3
BRF:0
BRH:0
end_of_record
TN:
SF:/home/travis/build/proustibat/fbrgsmn.mobile.app/src/components/main-header/main-header.ts
FN:7,(anonymous_1)
FNF:1
FNH:1
FNDA:10,(anonymous_1)
DA:7,1
LF:1
LH:1
BRF:0
BRH:0
end_of_record
TN:
SF:/home/travis/build/proustibat/fbrgsmn.mobile.app/src/components/parallax-header/parallax-header.ts
FN:10,(anonymous_2)
FN:17,ParallaxHeader
FN:19,(anonymous_4)
FN:33,(anonymous_5)
FN:37,(anonymous_6)
FN:41,(anonymous_7)
FN:47,(anonymous_8)
FNF:7
FNH:1
FNDA:1,(anonymous_2)
FNDA:0,ParallaxHeader
FNDA:0,(anonymous_4)
FNDA:0,(anonymous_5)
FNDA:0,(anonymous_6)
FNDA:0,(anonymous_7)
FNDA:0,(anonymous_8)
DA:10,1
DA:17,0
DA:19,1
DA:21,0
DA:22,0
DA:23,0
DA:25,0
DA:29,0
DA:33,1
DA:34,0
DA:37,1
DA:39,0
DA:41,0
DA:42,0
DA:47,1
DA:49,0
DA:50,0
DA:51,0
DA:53,0
DA:54,0
DA:57,0
DA:63,1
LF:22
LH:6
BRDA:49,0,0,0
BRDA:49,0,1,0
BRF:2
BRH:0
end_of_record
TN:
SF:/home/travis/build/proustibat/fbrgsmn.mobile.app/src/components/player/player.ts
FN:18,(anonymous_2)
FN:32,PlayerComponent
FN:49,(anonymous_4)
FN:57,(anonymous_5)
FN:64,(anonymous_6)
FN:69,(anonymous_7)
FN:74,(anonymous_8)
FN:84,(anonymous_9)
FN:96,(anonymous_10)
FN:113,(anonymous_11)
FN:119,(anonymous_12)
FN:131,(anonymous_13)
FN:145,(anonymous_14)
FN:153,(anonymous_15)
FN:160,(anonymous_16)
FN:172,(anonymous_17)
FN:178,(anonymous_18)
FN:184,(anonymous_19)
FN:194,(anonymous_20)
FN:203,(anonymous_21)
FN:212,(anonymous_22)
FN:220,(anonymous_23)
FN:230,(anonymous_24)
FN:239,(anonymous_25)
FNF:24
FNH:18
FNDA:1,(anonymous_2)
FNDA:26,PlayerComponent
FNDA:1,(anonymous_4)
FNDA:2,(anonymous_5)
FNDA:2,(anonymous_6)
FNDA:0,(anonymous_7)
FNDA:3,(anonymous_8)
FNDA:4,(anonymous_9)
FNDA:3,(anonymous_10)
FNDA:0,(anonymous_11)
FNDA:3,(anonymous_12)
FNDA:2,(anonymous_13)
FNDA:1,(anonymous_14)
FNDA:4,(anonymous_15)
FNDA:1,(anonymous_16)
FNDA:1,(anonymous_17)
FNDA:1,(anonymous_18)
FNDA:1,(anonymous_19)
FNDA:1,(anonymous_20)
FNDA:1,(anonymous_21)
FNDA:0,(anonymous_22)
FNDA:0,(anonymous_23)
FNDA:0,(anonymous_24)
FNDA:0,(anonymous_25)
DA:18,1
DA:20,1
DA:21,1
DA:23,26
DA:24,26
DA:25,26
DA:27,26
DA:28,26
DA:32,26
DA:33,26
DA:34,26
DA:35,26
DA:36,26
DA:37,26
DA:38,26
DA:39,26
DA:40,26
DA:42,26
DA:45,26
DA:46,26
DA:49,1
DA:50,1
DA:51,1
DA:52,1
DA:54,1
DA:57,2
DA:58,2
DA:65,2
DA:69,0
DA:71,2
DA:74,1
DA:75,3
DA:76,1
DA:77,1
DA:78,1
DA:79,1
DA:80,1
DA:84,1
DA:85,4
DA:86,2
DA:87,1
DA:89,2
DA:90,2
DA:91,2
DA:92,2
DA:96,1
DA:97,3
DA:100,2
DA:101,1
DA:105,2
DA:108,1
DA:113,1
DA:114,0
DA:115,0
DA:116,0
DA:119,1
DA:120,3
DA:121,1
DA:122,1
DA:125,3
DA:127,2
DA:131,1
DA:132,2
DA:137,2
DA:138,1
DA:140,1
DA:141,1
DA:145,1
DA:146,1
DA:147,1
DA:148,1
DA:149,1
DA:150,1
DA:153,4
DA:154,4
DA:155,4
DA:156,4
DA:157,3
DA:160,1
DA:161,1
DA:164,4
DA:165,3
DA:166,1
DA:168,3
DA:172,1
DA:173,1
DA:174,1
DA:175,1
DA:178,1
DA:179,1
DA:185,1
DA:194,1
DA:195,1
DA:204,1
DA:212,1
DA:214,0
DA:215,0
DA:217,0
DA:221,0
DA:222,0
DA:227,0
DA:229,0
DA:230,0
DA:231,0
DA:232,0
DA:239,1
DA:240,0
DA:242,1
LF:108
LH:93
BRDA:61,0,0,1
BRDA:61,0,1,1
BRDA:67,1,0,1
BRDA:67,1,1,1
BRDA:71,2,0,1
BRDA:71,2,1,1
BRDA:75,3,0,1
BRDA:75,3,1,2
BRDA:85,4,0,2
BRDA:85,4,1,2
BRDA:86,5,0,1
BRDA:86,5,1,1
BRDA:97,6,0,2
BRDA:97,6,1,1
BRDA:100,7,0,1
BRDA:100,7,1,1
BRDA:120,8,0,1
BRDA:120,8,1,2
BRDA:125,9,0,2
BRDA:125,9,1,1
BRDA:125,10,0,3
BRDA:125,10,1,2
BRDA:125,10,2,2
BRDA:137,11,0,1
BRDA:137,11,1,1
BRDA:156,12,0,3
BRDA:156,12,1,1
BRDA:164,13,0,3
BRDA:164,13,1,1
BRDA:165,14,0,1
BRDA:165,14,1,2
BRDA:229,15,0,0
BRDA:229,15,1,0
BRDA:231,16,0,0
BRDA:231,16,1,0
BRF:35
BRH:31
end_of_record
TN:
SF:/home/travis/build/proustibat/fbrgsmn.mobile.app/src/components/share-button/share-button.ts
FN:13,(anonymous_2)
FN:21,ShareButtonComponent
FN:28,(anonymous_4)
FN:31,(anonymous_5)
FN:32,(anonymous_6)
FN:39,(anonymous_7)
FN:43,(anonymous_8)
FN:51,(anonymous_9)
FN:59,(anonymous_10)
FN:67,(anonymous_11)
FNF:10
FNH:10
FNDA:1,(anonymous_2)
FNDA:6,ShareButtonComponent
FNDA:3,(anonymous_4)
FNDA:1,(anonymous_5)
FNDA:1,(anonymous_6)
FNDA:1,(anonymous_7)
FNDA:1,(anonymous_8)
FNDA:3,(anonymous_9)
FNDA:2,(anonymous_10)
FNDA:1,(anonymous_11)
DA:13,1
DA:15,1
DA:16,1
DA:17,1
DA:18,1
DA:19,1
DA:21,6
DA:22,6
DA:23,6
DA:24,6
DA:25,6
DA:28,3
DA:29,3
DA:30,2
DA:31,1
DA:32,1
DA:35,1
DA:39,1
DA:40,1
DA:41,1
DA:43,1
DA:44,1
DA:45,1
DA:51,3
DA:52,3
DA:60,2
DA:61,1
DA:68,1
DA:70,1
DA:71,1
DA:72,1
DA:79,1
LF:32
LH:32
BRDA:29,0,0,2
BRDA:29,0,1,1
BRDA:54,1,0,3
BRDA:54,1,1,1
BRDA:55,2,0,3
BRDA:55,2,1,1
BRDA:56,3,0,3
BRDA:56,3,1,0
BRDA:57,4,0,3
BRDA:57,4,1,1
BRDA:60,5,0,1
BRDA:60,5,1,1
BRDA:68,6,0,1
BRDA:68,6,1,0
BRF:14
BRH:12
end_of_record
TN:
SF:/home/travis/build/proustibat/fbrgsmn.mobile.app/src/pages/radio/radio.ts
FN:21,(anonymous_2)
FN:32,RadioPage
FN:46,(anonymous_4)
FN:54,(anonymous_5)
FN:58,(anonymous_6)
FN:63,(anonymous_7)
FN:71,(anonymous_8)
FN:83,(anonymous_9)
FN:91,(anonymous_10)
FN:96,(anonymous_11)
FNF:10
FNH:10
FNDA:1,(anonymous_2)
FNDA:9,RadioPage
FNDA:1,(anonymous_4)
FNDA:1,(anonymous_5)
FNDA:1,(anonymous_6)
FNDA:12,(anonymous_7)
FNDA:4,(anonymous_8)
FNDA:8,(anonymous_9)
FNDA:1,(anonymous_10)
FNDA:1,(anonymous_11)
DA:21,1
DA:25,1
DA:32,9
DA:33,9
DA:34,9
DA:35,9
DA:36,9
DA:37,9
DA:38,9
DA:40,9
DA:41,9
DA:43,9
DA:46,1
DA:48,1
DA:51,1
DA:54,1
DA:55,1
DA:58,1
DA:59,1
DA:60,1
DA:63,12
DA:65,12
DA:66,12
DA:70,12
DA:72,4
DA:73,2
DA:77,2
DA:79,4
DA:80,4
DA:81,4
DA:84,8
DA:91,1
DA:92,1
DA:93,1
DA:96,1
DA:97,1
DA:119,1
LF:37
LH:37
BRDA:65,0,0,12
BRDA:65,0,1,0
BRDA:72,1,0,2
BRDA:72,1,1,2
BRDA:79,2,0,2
BRDA:79,2,1,2
BRF:6
BRH:5
end_of_record
TN:
SF:/home/travis/build/proustibat/fbrgsmn.mobile.app/src/pages/tabs/tabs.ts
FN:7,(anonymous_1)
FN:4,TabsPage
FNF:2
FNH:2
FNDA:1,(anonymous_1)
FNDA:1,TabsPage
DA:7,1
DA:9,1
DA:11,1
LF:3
LH:3
BRF:0
BRH:0
end_of_record
TN:
SF:/home/travis/build/proustibat/fbrgsmn.mobile.app/src/providers/global-service/global-service.ts
FN:5,(anonymous_1)
FN:36,(anonymous_3)
FN:79,(anonymous_4)
FNF:3
FNH:2
FNDA:1,(anonymous_1)
FNDA:0,(anonymous_3)
FNDA:3,(anonymous_4)
DA:5,1
DA:6,1
DA:8,1
DA:9,1
DA:10,1
DA:12,1
DA:13,1
DA:15,1
DA:16,1
DA:18,1
DA:22,1
DA:26,1
DA:36,1
DA:38,0
DA:39,0
DA:45,1
DA:46,1
DA:47,1
DA:50,1
DA:65,1
DA:79,1
DA:80,3
DA:83,1
DA:87,1
LF:24
LH:22
BRDA:38,0,0,0
BRDA:38,0,1,0
BRDA:10,1,0,1
BRDA:10,1,1,0
BRF:4
BRH:1
end_of_record
TN:
SF:/home/travis/build/proustibat/fbrgsmn.mobile.app/src/providers/init-service/init-service.ts
FN:6,(anonymous_2)
FN:8,InitService
FN:10,(anonymous_4)
FN:15,(anonymous_5)
FN:17,(anonymous_6)
FN:18,(anonymous_7)
FN:20,(anonymous_8)
FN:24,(anonymous_9)
FN:29,(anonymous_10)
FN:30,(anonymous_11)
FN:31,(anonymous_12)
FN:31,(anonymous_13)
FNF:12
FNH:6
FNDA:1,(anonymous_2)
FNDA:9,InitService
FNDA:6,(anonymous_4)
FNDA:0,(anonymous_5)
FNDA:0,(anonymous_6)
FNDA:0,(anonymous_7)
FNDA:0,(anonymous_8)
FNDA:0,(anonymous_9)
FNDA:6,(anonymous_10)
FNDA:6,(anonymous_11)
FNDA:0,(anonymous_12)
FNDA:6,(anonymous_13)
DA:6,1
DA:8,9
DA:10,6
DA:11,6
DA:12,6
DA:15,0
DA:16,0
DA:17,0
DA:19,0
DA:20,0
DA:24,0
DA:29,6
DA:30,6
DA:31,6
DA:34,1
LF:15
LH:9
BRDA:11,0,0,6
BRDA:11,0,1,0
BRF:2
BRH:1
end_of_record
TN:
SF:/home/travis/build/proustibat/fbrgsmn.mobile.app/src/providers/music-controls-manager/music-controls-manager.ts
FN:8,(anonymous_2)
FN:13,MusicControlsManagerProvider
FN:19,(anonymous_4)
FN:25,(anonymous_5)
FN:33,(anonymous_6)
FN:42,(anonymous_7)
FN:63,(anonymous_8)
FN:88,(anonymous_9)
FN:97,(anonymous_10)
FN:109,(anonymous_11)
FNF:10
FNH:10
FNDA:1,(anonymous_2)
FNDA:33,MusicControlsManagerProvider
FNDA:2,(anonymous_4)
FNDA:7,(anonymous_5)
FNDA:2,(anonymous_6)
FNDA:1,(anonymous_7)
FNDA:5,(anonymous_8)
FNDA:5,(anonymous_9)
FNDA:25,(anonymous_10)
FNDA:1,(anonymous_11)
DA:8,1
DA:13,33
DA:14,33
DA:15,33
DA:16,33
DA:19,1
DA:20,2
DA:21,2
DA:22,2
DA:25,1
DA:26,7
DA:29,5
DA:33,1
DA:34,2
DA:37,1
DA:38,1
DA:42,1
DA:43,1
DA:57,1
DA:60,1
DA:63,1
DA:64,5
DA:67,5
DA:68,1
DA:72,5
DA:73,1
DA:76,5
DA:78,5
DA:79,1
DA:83,5
DA:88,1
DA:90,5
DA:97,25
DA:98,5
DA:99,2
DA:100,2
DA:101,2
DA:109,1
DA:110,1
DA:119,1
LF:40
LH:40
BRDA:26,0,0,5
BRDA:26,0,1,2
BRDA:26,1,0,7
BRDA:26,1,1,5
BRDA:26,1,2,5
BRDA:34,2,0,1
BRDA:34,2,1,1
BRDA:34,3,0,2
BRDA:34,3,1,1
BRDA:34,3,2,1
BRDA:67,4,0,1
BRDA:67,4,1,4
BRDA:67,5,0,5
BRDA:67,5,1,4
BRDA:72,6,0,1
BRDA:72,6,1,4
BRDA:72,7,0,5
BRDA:72,7,1,4
BRDA:78,8,0,1
BRDA:78,8,1,4
BRDA:83,9,0,1
BRDA:83,9,1,4
BRDA:98,10,0,2
BRDA:98,10,1,3
BRF:24
BRH:24
end_of_record
TN:
SF:/home/travis/build/proustibat/fbrgsmn.mobile.app/src/providers/prompt-service/prompt-service.ts
FN:6,(anonymous_2)
FN:11,PromptService
FN:15,(anonymous_4)
FN:26,(anonymous_5)
FN:32,(anonymous_6)
FN:57,(anonymous_7)
FN:69,(anonymous_8)
FNF:7
FNH:6
FNDA:1,(anonymous_2)
FNDA:40,PromptService
FNDA:3,(anonymous_4)
FNDA:3,(anonymous_5)
FNDA:3,(anonymous_6)
FNDA:3,(anonymous_7)
FNDA:0,(anonymous_8)
DA:6,1
DA:11,40
DA:12,40
DA:15,5
DA:16,3
DA:19,3
DA:23,3
DA:26,1
DA:27,3
DA:28,1
DA:32,3
DA:33,3
DA:34,3
DA:35,3
DA:41,3
DA:42,1
DA:47,3
DA:57,3
DA:58,3
DA:59,3
DA:60,1
DA:64,3
DA:69,1
DA:70,0
DA:72,1
LF:25
LH:24
BRDA:15,0,0,2
BRDA:15,0,1,1
BRDA:17,1,0,1
BRDA:17,1,1,2
BRDA:27,2,0,1
BRDA:27,2,1,2
BRDA:41,3,0,1
BRDA:41,3,1,2
BRDA:49,4,0,3
BRDA:49,4,1,3
BRDA:51,5,0,3
BRDA:51,5,1,3
BRDA:59,6,0,1
BRDA:59,6,1,2
BRF:14
BRH:14
end_of_record
TN:
SF:/home/travis/build/proustibat/fbrgsmn.mobile.app/src/providers/radio-service/radio-service.ts
FN:11,(anonymous_2)
FN:35,RadioService
FN:37,(anonymous_4)
FN:42,(anonymous_5)
FN:45,(anonymous_6)
FN:56,(anonymous_7)
FN:58,(anonymous_8)
FN:65,(anonymous_9)
FN:66,(anonymous_10)
FN:67,(anonymous_11)
FN:69,(anonymous_12)
FN:75,(anonymous_13)
FN:87,(anonymous_14)
FN:88,(anonymous_15)
FN:120,(anonymous_16)
FN:150,(anonymous_17)
FN:156,(anonymous_18)
FN:156,(anonymous_19)
FN:159,(anonymous_20)
FN:160,(anonymous_21)
FNF:20
FNH:14
FNDA:1,(anonymous_2)
FNDA:17,RadioService
FNDA:5,(anonymous_4)
FNDA:0,(anonymous_5)
FNDA:0,(anonymous_6)
FNDA:0,(anonymous_7)
FNDA:0,(anonymous_8)
FNDA:5,(anonymous_9)
FNDA:5,(anonymous_10)
FNDA:0,(anonymous_11)
FNDA:5,(anonymous_12)
FNDA:0,(anonymous_13)
FNDA:1,(anonymous_14)
FNDA:10,(anonymous_15)
FNDA:14,(anonymous_16)
FNDA:10,(anonymous_17)
FNDA:27,(anonymous_18)
FNDA:73,(anonymous_19)
FNDA:1,(anonymous_20)
FNDA:1,(anonymous_21)
DA:11,1
DA:12,1
DA:30,17
DA:35,17
DA:37,5
DA:38,5
DA:39,0
DA:41,5
DA:43,0
DA:44,0
DA:45,0
DA:46,0
DA:53,0
DA:54,0
DA:56,0
DA:59,0
DA:61,0
DA:65,5
DA:66,5
DA:67,5
DA:68,0
DA:70,5
DA:75,1
DA:76,0
DA:79,0
DA:87,1
DA:88,1
DA:90,10
DA:92,10
DA:93,10
DA:96,10
DA:97,6
DA:103,10
DA:108,1
DA:120,1
DA:122,14
DA:123,4
DA:126,10
DA:128,10
DA:130,10
DA:131,1
DA:133,10
DA:134,1
DA:136,10
DA:137,1
DA:140,10
DA:150,1
DA:151,10
DA:156,73
DA:159,1
DA:160,1
DA:161,1
DA:164,1
LF:53
LH:40
BRDA:38,0,0,0
BRDA:38,0,1,5
BRDA:43,1,0,0
BRDA:43,1,1,0
BRDA:44,2,0,0
BRDA:44,2,1,0
BRDA:49,3,0,0
BRDA:49,3,1,0
BRDA:56,4,0,0
BRDA:56,4,1,0
BRDA:92,5,0,10
BRDA:92,5,1,0
BRDA:96,6,0,6
BRDA:96,6,1,4
BRDA:122,7,0,4
BRDA:122,7,1,10
BRDA:130,8,0,1
BRDA:130,8,1,9
BRDA:133,9,0,1
BRDA:133,9,1,9
BRDA:136,10,0,1
BRDA:136,10,1,9
BRF:22
BRH:12
end_of_record
TN:
SF:/home/travis/build/proustibat/fbrgsmn.mobile.app/src/providers/tracker-service/tracker-service.ts
FN:11,(anonymous_2)
FN:13,TrackerService
FN:45,(anonymous_4)
FN:52,(anonymous_5)
FN:57,(anonymous_6)
FN:60,(anonymous_7)
FNF:6
FNH:5
FNDA:1,(anonymous_2)
FNDA:39,TrackerService
FNDA:2,(anonymous_4)
FNDA:2,(anonymous_5)
FNDA:0,(anonymous_6)
FNDA:4,(anonymous_7)
DA:11,1
DA:13,39
DA:14,39
DA:15,39
DA:45,2
DA:46,2
DA:53,2
DA:57,0
DA:60,1
DA:61,4
DA:62,4
DA:65,1
LF:12
LH:11
BRF:0
BRH:0
end_of_record
