TN:
SF:/home/travis/build/proustibat/fbrgsmn.mobile.app/src/app/app.component.ts
FN:16,(anonymous_2)
FN:30,FbrgSmnApp
FN:35,(anonymous_4)
FN:51,(anonymous_5)
FN:58,(anonymous_6)
FN:72,(anonymous_7)
FNF:6
FNH:4
FNDA:1,(anonymous_2)
FNDA:2,FbrgSmnApp
FNDA:2,(anonymous_4)
FNDA:2,(anonymous_5)
FNDA:0,(anonymous_6)
FNDA:0,(anonymous_7)
DA:16,1
DA:18,1
DA:19,2
DA:30,2
DA:33,2
DA:35,2
DA:36,2
DA:39,2
DA:40,2
DA:44,2
DA:46,2
DA:48,2
DA:50,2
DA:52,2
DA:54,2
DA:55,2
DA:56,2
DA:58,0
DA:63,2
DA:72,1
DA:77,0
DA:79,1
LF:22
LH:20
BRDA:36,0,0,2
BRDA:36,0,1,0
BRDA:48,1,0,2
BRDA:48,1,1,0
BRF:4
BRH:2
end_of_record
TN:
SF:/home/travis/build/proustibat/fbrgsmn.mobile.app/src/app/app.module.ts
FN:40,HttpLoaderFactory
FN:77,(anonymous_2)
FNF:2
FNH:2
FNDA:2,HttpLoaderFactory
FNDA:1,(anonymous_2)
DA:26,1
DA:41,2
DA:77,1
LF:3
LH:3
BRF:0
BRH:0
end_of_record
TN:
SF:/home/travis/build/proustibat/fbrgsmn.mobile.app/src/components/main-header/main-header.ts
FN:7,(anonymous_1)
FNF:1
FNH:1
FNDA:1,(anonymous_1)
DA:7,1
LF:1
LH:1
BRF:0
BRH:0
end_of_record
TN:
SF:/home/travis/build/proustibat/fbrgsmn.mobile.app/src/components/parallax-header/parallax-header.ts
FN:10,(anonymous_2)
FN:17,ParallaxHeader
FN:19,(anonymous_4)
FN:32,(anonymous_5)
FN:36,(anonymous_6)
FN:38,(anonymous_7)
FN:44,(anonymous_8)
FNF:7
FNH:1
FNDA:1,(anonymous_2)
FNDA:0,ParallaxHeader
FNDA:0,(anonymous_4)
FNDA:0,(anonymous_5)
FNDA:0,(anonymous_6)
FNDA:0,(anonymous_7)
FNDA:0,(anonymous_8)
DA:10,1
DA:17,0
DA:19,1
DA:21,0
DA:22,0
DA:23,0
DA:25,0
DA:29,0
DA:32,1
DA:33,0
DA:36,1
DA:38,0
DA:39,0
DA:44,1
DA:46,0
DA:47,0
DA:48,0
DA:50,0
DA:51,0
DA:54,0
DA:60,1
LF:21
LH:6
BRDA:46,0,0,0
BRDA:46,0,1,0
BRF:2
BRH:0
end_of_record
TN:
SF:/home/travis/build/proustibat/fbrgsmn.mobile.app/src/components/player/player.ts
FN:19,(anonymous_2)
FN:33,PlayerComponent
FN:50,(anonymous_4)
FN:58,(anonymous_5)
FN:65,(anonymous_6)
FN:70,(anonymous_7)
FN:75,(anonymous_8)
FN:85,(anonymous_9)
FN:97,(anonymous_10)
FN:114,(anonymous_11)
FN:120,(anonymous_12)
FN:132,(anonymous_13)
FN:146,(anonymous_14)
FN:154,(anonymous_15)
FN:161,(anonymous_16)
FN:175,(anonymous_17)
FN:181,(anonymous_18)
FN:191,(anonymous_19)
FN:200,(anonymous_20)
FN:209,(anonymous_21)
FN:217,(anonymous_22)
FN:227,(anonymous_23)
FN:236,(anonymous_24)
FNF:23
FNH:1
FNDA:1,(anonymous_2)
FNDA:0,PlayerComponent
FNDA:0,(anonymous_4)
FNDA:0,(anonymous_5)
FNDA:0,(anonymous_6)
FNDA:0,(anonymous_7)
FNDA:0,(anonymous_8)
FNDA:0,(anonymous_9)
FNDA:0,(anonymous_10)
FNDA:0,(anonymous_11)
FNDA:0,(anonymous_12)
FNDA:0,(anonymous_13)
FNDA:0,(anonymous_14)
FNDA:0,(anonymous_15)
FNDA:0,(anonymous_16)
FNDA:0,(anonymous_17)
FNDA:0,(anonymous_18)
FNDA:0,(anonymous_19)
FNDA:0,(anonymous_20)
FNDA:0,(anonymous_21)
FNDA:0,(anonymous_22)
FNDA:0,(anonymous_23)
FNDA:0,(anonymous_24)
DA:19,1
DA:21,1
DA:22,1
DA:24,0
DA:25,0
DA:26,0
DA:28,0
DA:29,0
DA:33,0
DA:34,0
DA:35,0
DA:36,0
DA:37,0
DA:38,0
DA:39,0
DA:40,0
DA:41,0
DA:43,0
DA:46,0
DA:47,0
DA:50,1
DA:51,0
DA:52,0
DA:53,0
DA:55,0
DA:58,1
DA:59,0
DA:66,0
DA:70,0
DA:72,0
DA:75,1
DA:76,0
DA:77,0
DA:78,0
DA:79,0
DA:80,0
DA:81,0
DA:85,1
DA:86,0
DA:87,0
DA:88,0
DA:90,0
DA:91,0
DA:92,0
DA:93,0
DA:97,1
DA:98,0
DA:101,0
DA:102,0
DA:106,0
DA:109,0
DA:114,1
DA:115,0
DA:116,0
DA:117,0
DA:120,1
DA:121,0
DA:122,0
DA:123,0
DA:126,0
DA:128,0
DA:132,1
DA:133,0
DA:138,0
DA:139,0
DA:141,0
DA:142,0
DA:146,1
DA:147,0
DA:148,0
DA:149,0
DA:150,0
DA:151,0
DA:154,1
DA:155,0
DA:156,0
DA:157,0
DA:158,0
DA:161,0
DA:162,0
DA:163,0
DA:164,0
DA:167,0
DA:168,0
DA:169,0
DA:171,0
DA:175,1
DA:176,0
DA:182,0
DA:191,1
DA:192,0
DA:201,0
DA:209,1
DA:211,0
DA:212,0
DA:214,0
DA:218,0
DA:219,0
DA:224,0
DA:226,0
DA:227,0
DA:228,0
DA:229,0
DA:236,1
DA:237,0
DA:239,1
LF:106
LH:18
BRDA:62,0,0,0
BRDA:62,0,1,0
BRDA:68,1,0,0
BRDA:68,1,1,0
BRDA:72,2,0,0
BRDA:72,2,1,0
BRDA:76,3,0,0
BRDA:76,3,1,0
BRDA:86,4,0,0
BRDA:86,4,1,0
BRDA:87,5,0,0
BRDA:87,5,1,0
BRDA:98,6,0,0
BRDA:98,6,1,0
BRDA:101,7,0,0
BRDA:101,7,1,0
BRDA:121,8,0,0
BRDA:121,8,1,0
BRDA:126,9,0,0
BRDA:126,9,1,0
BRDA:126,10,0,0
BRDA:126,10,1,0
BRDA:126,10,2,0
BRDA:138,11,0,0
BRDA:138,11,1,0
BRDA:157,12,0,0
BRDA:157,12,1,0
BRDA:167,13,0,0
BRDA:167,13,1,0
BRDA:168,14,0,0
BRDA:168,14,1,0
BRDA:226,15,0,0
BRDA:226,15,1,0
BRDA:228,16,0,0
BRDA:228,16,1,0
BRF:35
BRH:0
end_of_record
TN:
SF:/home/travis/build/proustibat/fbrgsmn.mobile.app/src/components/share-button/share-button.ts
FN:13,(anonymous_2)
FN:21,ShareButtonComponent
FN:28,(anonymous_4)
FN:31,(anonymous_5)
FN:35,(anonymous_6)
FN:47,(anonymous_7)
FN:55,(anonymous_8)
FN:63,(anonymous_9)
FNF:8
FNH:1
FNDA:1,(anonymous_2)
FNDA:0,ShareButtonComponent
FNDA:0,(anonymous_4)
FNDA:0,(anonymous_5)
FNDA:0,(anonymous_6)
FNDA:0,(anonymous_7)
FNDA:0,(anonymous_8)
FNDA:0,(anonymous_9)
DA:13,1
DA:15,1
DA:16,1
DA:17,1
DA:18,1
DA:19,1
DA:21,0
DA:22,0
DA:23,0
DA:24,0
DA:25,0
DA:28,1
DA:29,0
DA:30,0
DA:32,0
DA:33,0
DA:36,0
DA:37,0
DA:43,0
DA:47,1
DA:48,0
DA:56,0
DA:57,0
DA:64,0
DA:66,0
DA:67,0
DA:68,0
DA:75,1
LF:28
LH:9
BRDA:29,0,0,0
BRDA:29,0,1,0
BRDA:50,1,0,0
BRDA:50,1,1,0
BRDA:51,2,0,0
BRDA:51,2,1,0
BRDA:52,3,0,0
BRDA:52,3,1,0
BRDA:53,4,0,0
BRDA:53,4,1,0
BRDA:56,5,0,0
BRDA:56,5,1,0
BRDA:64,6,0,0
BRDA:64,6,1,0
BRF:14
BRH:0
end_of_record
TN:
SF:/home/travis/build/proustibat/fbrgsmn.mobile.app/src/pages/radio/radio.ts
FN:20,(anonymous_2)
FN:29,RadioPage
FN:37,(anonymous_4)
FN:44,(anonymous_5)
FN:55,(anonymous_6)
FN:62,(anonymous_7)
FN:64,(anonymous_8)
FN:69,(anonymous_9)
FN:72,(anonymous_10)
FN:76,(anonymous_11)
FN:81,(anonymous_12)
FN:86,(anonymous_13)
FNF:12
FNH:1
FNDA:1,(anonymous_2)
FNDA:0,RadioPage
FNDA:0,(anonymous_4)
FNDA:0,(anonymous_5)
FNDA:0,(anonymous_6)
FNDA:0,(anonymous_7)
FNDA:0,(anonymous_8)
FNDA:0,(anonymous_9)
FNDA:0,(anonymous_10)
FNDA:0,(anonymous_11)
FNDA:0,(anonymous_12)
FNDA:0,(anonymous_13)
DA:20,1
DA:22,1
DA:25,0
DA:27,0
DA:29,0
DA:30,0
DA:31,0
DA:32,0
DA:33,0
DA:34,0
DA:35,0
DA:37,0
DA:39,0
DA:40,0
DA:44,0
DA:45,0
DA:46,0
DA:50,0
DA:52,0
DA:53,0
DA:54,0
DA:55,0
DA:62,1
DA:64,0
DA:65,0
DA:69,0
DA:72,1
DA:73,0
DA:76,1
DA:77,0
DA:78,0
DA:81,1
DA:82,0
DA:83,0
DA:86,1
DA:87,0
DA:89,1
LF:37
LH:8
BRDA:39,0,0,0
BRDA:39,0,1,0
BRDA:45,1,0,0
BRDA:45,1,1,0
BRDA:52,2,0,0
BRDA:52,2,1,0
BRF:6
BRH:0
end_of_record
TN:
SF:/home/travis/build/proustibat/fbrgsmn.mobile.app/src/pages/tabs/tabs.ts
FN:7,(anonymous_1)
FN:4,TabsPage
FNF:2
FNH:1
FNDA:1,(anonymous_1)
FNDA:0,TabsPage
DA:7,1
DA:9,0
DA:11,1
LF:3
LH:2
BRF:0
BRH:0
end_of_record
TN:
SF:/home/travis/build/proustibat/fbrgsmn.mobile.app/src/providers/global-service.ts
FN:5,(anonymous_1)
FN:36,(anonymous_3)
FN:79,(anonymous_4)
FNF:3
FNH:1
FNDA:1,(anonymous_1)
FNDA:0,(anonymous_3)
FNDA:0,(anonymous_4)
DA:5,1
DA:6,1
DA:8,1
DA:9,1
DA:10,1
DA:12,1
DA:13,1
DA:15,1
DA:16,1
DA:18,1
DA:22,1
DA:26,1
DA:36,1
DA:38,0
DA:39,0
DA:45,1
DA:46,1
DA:47,1
DA:50,1
DA:65,1
DA:79,1
DA:80,0
DA:83,1
DA:87,1
LF:24
LH:21
BRDA:38,0,0,0
BRDA:38,0,1,0
BRDA:10,1,0,1
BRDA:10,1,1,0
BRF:4
BRH:1
end_of_record
TN:
SF:/home/travis/build/proustibat/fbrgsmn.mobile.app/src/providers/init-service.ts
FN:6,(anonymous_2)
FN:8,InitService
FN:10,(anonymous_4)
FN:15,(anonymous_5)
FN:17,(anonymous_6)
FN:18,(anonymous_7)
FN:20,(anonymous_8)
FN:24,(anonymous_9)
FN:29,(anonymous_10)
FN:30,(anonymous_11)
FN:31,(anonymous_12)
FN:31,(anonymous_13)
FNF:12
FNH:1
FNDA:1,(anonymous_2)
FNDA:0,InitService
FNDA:0,(anonymous_4)
FNDA:0,(anonymous_5)
FNDA:0,(anonymous_6)
FNDA:0,(anonymous_7)
FNDA:0,(anonymous_8)
FNDA:0,(anonymous_9)
FNDA:0,(anonymous_10)
FNDA:0,(anonymous_11)
FNDA:0,(anonymous_12)
FNDA:0,(anonymous_13)
DA:6,1
DA:8,0
DA:10,1
DA:11,0
DA:12,0
DA:15,0
DA:16,0
DA:17,0
DA:19,0
DA:20,0
DA:24,0
DA:29,1
DA:30,0
DA:31,0
DA:34,1
LF:15
LH:4
BRDA:11,0,0,0
BRDA:11,0,1,0
BRF:2
BRH:0
end_of_record
TN:
SF:/home/travis/build/proustibat/fbrgsmn.mobile.app/src/providers/prompt-service.ts
FN:6,(anonymous_2)
FN:11,PromptService
FN:16,(anonymous_4)
FN:27,(anonymous_5)
FN:33,(anonymous_6)
FN:58,(anonymous_7)
FN:70,(anonymous_8)
FNF:7
FNH:1
FNDA:1,(anonymous_2)
FNDA:0,PromptService
FNDA:0,(anonymous_4)
FNDA:0,(anonymous_5)
FNDA:0,(anonymous_6)
FNDA:0,(anonymous_7)
FNDA:0,(anonymous_8)
DA:6,1
DA:11,0
DA:12,0
DA:13,0
DA:16,1
DA:17,0
DA:20,0
DA:24,0
DA:27,1
DA:28,0
DA:29,0
DA:33,1
DA:34,0
DA:35,0
DA:36,0
DA:42,0
DA:43,0
DA:48,0
DA:58,0
DA:59,0
DA:60,0
DA:61,0
DA:65,0
DA:70,1
DA:71,0
DA:73,1
LF:26
LH:6
BRDA:16,0,0,0
BRDA:16,0,1,0
BRDA:18,1,0,0
BRDA:18,1,1,0
BRDA:28,2,0,0
BRDA:28,2,1,0
BRDA:42,3,0,0
BRDA:42,3,1,0
BRDA:50,4,0,0
BRDA:50,4,1,0
BRDA:52,5,0,0
BRDA:52,5,1,0
BRDA:60,6,0,0
BRDA:60,6,1,0
BRF:14
BRH:0
end_of_record
TN:
SF:/home/travis/build/proustibat/fbrgsmn.mobile.app/src/providers/radio-service.ts
FN:11,(anonymous_2)
FN:37,RadioService
FN:39,(anonymous_4)
FN:44,(anonymous_5)
FN:47,(anonymous_6)
FN:58,(anonymous_7)
FN:60,(anonymous_8)
FN:67,(anonymous_9)
FN:68,(anonymous_10)
FN:69,(anonymous_11)
FN:71,(anonymous_12)
FN:82,(anonymous_13)
FN:83,(anonymous_14)
FN:115,(anonymous_15)
FN:145,(anonymous_16)
FN:151,(anonymous_17)
FN:151,(anonymous_18)
FNF:17
FNH:1
FNDA:1,(anonymous_2)
FNDA:0,RadioService
FNDA:0,(anonymous_4)
FNDA:0,(anonymous_5)
FNDA:0,(anonymous_6)
FNDA:0,(anonymous_7)
FNDA:0,(anonymous_8)
FNDA:0,(anonymous_9)
FNDA:0,(anonymous_10)
FNDA:0,(anonymous_11)
FNDA:0,(anonymous_12)
FNDA:0,(anonymous_13)
FNDA:0,(anonymous_14)
FNDA:0,(anonymous_15)
FNDA:0,(anonymous_16)
FNDA:0,(anonymous_17)
FNDA:0,(anonymous_18)
DA:11,1
DA:13,1
DA:32,0
DA:37,0
DA:39,1
DA:40,0
DA:41,0
DA:43,0
DA:45,0
DA:46,0
DA:47,0
DA:48,0
DA:55,0
DA:56,0
DA:58,0
DA:61,0
DA:63,0
DA:67,1
DA:68,0
DA:69,0
DA:70,0
DA:72,0
DA:82,1
DA:83,0
DA:85,0
DA:87,0
DA:88,0
DA:91,0
DA:92,0
DA:98,0
DA:103,0
DA:115,1
DA:117,0
DA:118,0
DA:121,0
DA:123,0
DA:125,0
DA:126,0
DA:128,0
DA:129,0
DA:131,0
DA:132,0
DA:135,0
DA:145,1
DA:146,0
DA:151,0
DA:153,1
LF:47
LH:8
BRDA:40,0,0,0
BRDA:40,0,1,0
BRDA:45,1,0,0
BRDA:45,1,1,0
BRDA:46,2,0,0
BRDA:46,2,1,0
BRDA:51,3,0,0
BRDA:51,3,1,0
BRDA:58,4,0,0
BRDA:58,4,1,0
BRDA:87,5,0,0
BRDA:87,5,1,0
BRDA:91,6,0,0
BRDA:91,6,1,0
BRDA:117,7,0,0
BRDA:117,7,1,0
BRDA:125,8,0,0
BRDA:125,8,1,0
BRDA:128,9,0,0
BRDA:128,9,1,0
BRDA:131,10,0,0
BRDA:131,10,1,0
BRF:22
BRH:0
end_of_record
TN:
SF:/home/travis/build/proustibat/fbrgsmn.mobile.app/src/providers/tracker-service.ts
FN:11,(anonymous_2)
FN:13,TrackerService
FN:45,(anonymous_4)
FN:52,(anonymous_5)
FN:57,(anonymous_6)
FN:60,(anonymous_7)
FNF:6
FNH:1
FNDA:1,(anonymous_2)
FNDA:0,TrackerService
FNDA:0,(anonymous_4)
FNDA:0,(anonymous_5)
FNDA:0,(anonymous_6)
FNDA:0,(anonymous_7)
DA:11,1
DA:13,0
DA:14,0
DA:15,0
DA:45,1
DA:46,0
DA:53,0
DA:57,0
DA:60,1
DA:61,0
DA:62,0
DA:65,1
LF:12
LH:4
BRF:0
BRH:0
end_of_record
TN:
SF:/home/travis/build/proustibat/fbrgsmn.mobile.app/src/providers/music-controls-manager/music-controls-manager.ts
FN:8,(anonymous_2)
FN:10,MusicControlsManagerProvider
FN:16,(anonymous_4)
FN:17,(anonymous_5)
FN:27,(anonymous_6)
FN:35,(anonymous_7)
FN:50,(anonymous_8)
FN:58,(anonymous_9)
FN:83,(anonymous_10)
FN:92,(anonymous_11)
FN:104,(anonymous_12)
FNF:11
FNH:1
FNDA:1,(anonymous_2)
FNDA:0,MusicControlsManagerProvider
FNDA:0,(anonymous_4)
FNDA:0,(anonymous_5)
FNDA:0,(anonymous_6)
FNDA:0,(anonymous_7)
FNDA:0,(anonymous_8)
FNDA:0,(anonymous_9)
FNDA:0,(anonymous_10)
FNDA:0,(anonymous_11)
FNDA:0,(anonymous_12)
DA:8,1
DA:10,0
DA:11,0
DA:12,0
DA:13,0
DA:16,1
DA:17,0
DA:18,0
DA:21,0
DA:22,0
DA:27,1
DA:28,0
DA:31,0
DA:35,1
DA:36,0
DA:50,0
DA:51,0
DA:55,0
DA:58,1
DA:59,0
DA:62,0
DA:63,0
DA:67,0
DA:68,0
DA:71,0
DA:73,0
DA:74,0
DA:78,0
DA:83,1
DA:85,0
DA:92,0
DA:93,0
DA:94,0
DA:95,0
DA:96,0
DA:104,1
DA:105,0
DA:114,1
LF:38
LH:8
BRDA:18,0,0,0
BRDA:18,0,1,0
BRDA:18,1,0,0
BRDA:18,1,1,0
BRDA:18,1,2,0
BRDA:28,2,0,0
BRDA:28,2,1,0
BRDA:28,3,0,0
BRDA:28,3,1,0
BRDA:28,3,2,0
BRDA:62,4,0,0
BRDA:62,4,1,0
BRDA:62,5,0,0
BRDA:62,5,1,0
BRDA:67,6,0,0
BRDA:67,6,1,0
BRDA:67,7,0,0
BRDA:67,7,1,0
BRDA:73,8,0,0
BRDA:73,8,1,0
BRDA:78,9,0,0
BRDA:78,9,1,0
BRDA:93,10,0,0
BRDA:93,10,1,0
BRF:24
BRH:0
end_of_record
